[debug] [2025-01-21T19:47:06.872Z] ----------------------------------------------------------------------
[debug] [2025-01-21T19:47:06.875Z] Command:       C:\Program Files\nodejs\node.exe C:\Program Files\nodejs\node_modules\firebase-tools\lib\bin\firebase.js init
[debug] [2025-01-21T19:47:06.875Z] CLI Version:   13.29.1
[debug] [2025-01-21T19:47:06.875Z] Platform:      win32
[debug] [2025-01-21T19:47:06.875Z] Node Version:  v22.13.1
[debug] [2025-01-21T19:47:06.875Z] Time:          Tue Jan 21 2025 14:47:06 GMT-0500 (Eastern Standard Time)
[debug] [2025-01-21T19:47:06.875Z] ----------------------------------------------------------------------
[debug] 
[debug] [2025-01-21T19:47:06.881Z] > command requires scopes: ["email","openid","https://www.googleapis.com/auth/cloudplatformprojects.readonly","https://www.googleapis.com/auth/firebase","https://www.googleapis.com/auth/cloud-platform"]
[debug] [2025-01-21T19:47:06.881Z] > authorizing via signed-in user (cooldragondjc@gmail.com)
[info] 
     ######## #### ########  ######## ########     ###     ######  ########
     ##        ##  ##     ## ##       ##     ##  ##   ##  ##       ##
     ######    ##  ########  ######   ########  #########  ######  ######
     ##        ##  ##    ##  ##       ##     ## ##     ##       ## ##
     ##       #### ##     ## ######## ########  ##     ##  ######  ########

You're about to initialize a Firebase project in this directory:

  C:\Users\coold\egg-world

[info] 
=== Project Setup
[info] 
[info] First, let's associate this project directory with a Firebase project.
[info] You can create multiple project aliases by running firebase use --add, 
[info] but for now we'll just set up a default project.
[info] 
[debug] [2025-01-21T19:47:46.792Z] Checked if tokens are valid: true, expires at: 1737492185605
[debug] [2025-01-21T19:47:46.792Z] Checked if tokens are valid: true, expires at: 1737492185605
[debug] [2025-01-21T19:47:46.793Z] >>> [apiv2][query] GET https://firebase.googleapis.com/v1beta1/projects pageSize=100
[debug] [2025-01-21T19:47:47.203Z] <<< [apiv2][status] GET https://firebase.googleapis.com/v1beta1/projects 200
[debug] [2025-01-21T19:47:47.203Z] <<< [apiv2][body] GET https://firebase.googleapis.com/v1beta1/projects [omitted]
[info] i  Using project egg-world (egg-world) 
[info] 
=== Hosting Setup
[debug] [2025-01-21T19:47:49.092Z] Checked if tokens are valid: true, expires at: 1737492185605
[debug] [2025-01-21T19:47:49.093Z] Checked if tokens are valid: true, expires at: 1737492185605
[debug] [2025-01-21T19:47:49.093Z] >>> [apiv2][query] GET https://firebase.googleapis.com/v1beta1/projects/egg-world [none]
[debug] [2025-01-21T19:47:49.368Z] <<< [apiv2][status] GET https://firebase.googleapis.com/v1beta1/projects/egg-world 200
[debug] [2025-01-21T19:47:49.368Z] <<< [apiv2][body] GET https://firebase.googleapis.com/v1beta1/projects/egg-world {"projectId":"egg-world","projectNumber":"477589111181","displayName":"egg-world","name":"projects/egg-world","resources":{"hostingSite":"egg-world"},"state":"ACTIVE","etag":"1_cb8931c1-7b13-40e7-b15a-517db36df3b9"}
[info] 
[info] Your public directory is the folder (relative to your project directory) that
[info] will contain Hosting assets to be uploaded with firebase deploy. If you
[info] have a build process for your assets, use your build's output directory.
[info] 
[debug] [2025-01-21T19:48:36.562Z] >>> [apiv2][query] GET https://www.gstatic.com/firebasejs/releases.json [none]
[debug] [2025-01-21T19:48:36.688Z] <<< [apiv2][status] GET https://www.gstatic.com/firebasejs/releases.json 200
[debug] [2025-01-21T19:48:36.688Z] <<< [apiv2][body] GET https://www.gstatic.com/firebasejs/releases.json {"current":{"version":"11.2.0","browserURL":"https://www.gstatic.com/firebasejs/11.2.0/firebase.js","packageURL":"https://www.gstatic.com/firebasejs/11.2.0/firebase.tgz"},"live":{"version":"11.2","browserURL":"https://www.gstatic.com/firebasejs/live/11.2/firebase.js","packageURL":"https://www.gstatic.com/firebasejs/live/11.2/firebase.tgz"},"components":{"analytics":"https://www.gstatic.com/firebasejs/11.2.0/firebase-analytics.js","app":"https://www.gstatic.com/firebasejs/11.2.0/firebase-app.js","app-check":"https://www.gstatic.com/firebasejs/11.2.0/firebase-app-check.js","auth":"https://www.gstatic.com/firebasejs/11.2.0/firebase-auth.js","auth/cordova":"https://www.gstatic.com/firebasejs/11.2.0/firebase-auth/cordova.js","auth/web-extension":"https://www.gstatic.com/firebasejs/11.2.0/firebase-auth/web-extension.js","functions":"https://www.gstatic.com/firebasejs/11.2.0/firebase-functions.js","firestore":"https://www.gstatic.com/firebasejs/11.2.0/firebase-firestore.js","firestore/lite":"https://www.gstatic.com/firebasejs/11.2.0/firebase-firestore/lite.js","installations":"https://www.gstatic.com/firebasejs/11.2.0/firebase-installations.js","storage":"https://www.gstatic.com/firebasejs/11.2.0/firebase-storage.js","performance":"https://www.gstatic.com/firebasejs/11.2.0/firebase-performance.js","remote-config":"https://www.gstatic.com/firebasejs/11.2.0/firebase-remote-config.js","messaging":"https://www.gstatic.com/firebasejs/11.2.0/firebase-messaging.js","messaging/sw":"https://www.gstatic.com/firebasejs/11.2.0/firebase-messaging/sw.js","database":"https://www.gstatic.com/firebasejs/11.2.0/firebase-database.js","vertexai":"https://www.gstatic.com/firebasejs/11.2.0/firebase-vertexai.js","data-connect":"https://www.gstatic.com/firebasejs/11.2.0/firebase-data-connect.js","firestore.memory":"https://www.gstatic.com/firebasejs/11.2.0/firebase-firestore.memory.js"}}
[info] i  Skipping write of build/index.html 
[info] 
[info] i  Detected a .git folder at C:\Users\coold\egg-world 
[info] i  Authorizing with GitHub to upload your service account to a GitHub repository's secrets store. 
[info] 
[info] Visit this URL on this device to log in:
[info] https://github.com/login/oauth/authorize?client_id=89cf50f02ac6aaed3484&state=8043159&redirect_uri=http%3A%2F%2Flocalhost%3A9005&scope=read%3Auser%20repo%20public_repo
[info] 
[info] Waiting for authentication...
[debug] [2025-01-21T19:49:30.779Z] >>> [apiv2][query] POST https://github.com/login/oauth/access_token [none]
[debug] [2025-01-21T19:49:30.779Z] >>> [apiv2][body] POST https://github.com/login/oauth/access_token [stream]
[debug] [2025-01-21T19:49:31.067Z] <<< [apiv2][status] POST https://github.com/login/oauth/access_token 200
[debug] [2025-01-21T19:49:31.067Z] <<< [apiv2][body] POST https://github.com/login/oauth/access_token {"access_token":"XX","token_type":"bearer","scope":"read:user,repo"}
[debug] [2025-01-21T19:49:31.070Z] >>> [apiv2][query] GET https://api.github.com/user [none]
[debug] [2025-01-21T19:49:31.315Z] <<< [apiv2][status] GET https://api.github.com/user 200
[debug] [2025-01-21T19:49:31.315Z] <<< [apiv2][body] GET https://api.github.com/user {"login":"BlueDragonC45","id":55166235,"node_id":"MDQ6VXNlcjU1MTY2MjM1","avatar_url":"https://avatars.githubusercontent.com/u/55166235?v=4","gravatar_id":"","url":"https://api.github.com/users/BlueDragonC45","html_url":"https://github.com/BlueDragonC45","followers_url":"https://api.github.com/users/BlueDragonC45/followers","following_url":"https://api.github.com/users/BlueDragonC45/following{/other_user}","gists_url":"https://api.github.com/users/BlueDragonC45/gists{/gist_id}","starred_url":"https://api.github.com/users/BlueDragonC45/starred{/owner}{/repo}","subscriptions_url":"https://api.github.com/users/BlueDragonC45/subscriptions","organizations_url":"https://api.github.com/users/BlueDragonC45/orgs","repos_url":"https://api.github.com/users/BlueDragonC45/repos","events_url":"https://api.github.com/users/BlueDragonC45/events{/privacy}","received_events_url":"https://api.github.com/users/BlueDragonC45/received_events","type":"User","user_view_type":"private","site_admin":false,"name":"Dillon Chaney","company":null,"blog":"","location":null,"email":null,"hireable":null,"bio":null,"twitter_username":null,"notification_email":null,"public_repos":3,"public_gists":0,"followers":0,"following":0,"created_at":"2019-09-10T23:27:51Z","updated_at":"2025-01-21T19:49:05Z","private_gists":0,"total_private_repos":4,"owned_private_repos":4,"disk_usage":596027,"collaborators":6,"two_factor_authentication":true,"plan":{"name":"free","space":976562499,"collaborators":0,"private_repos":10000}}
[info] 
[info] +  Success! Logged into GitHub as BlueDragonC45 
[info] 
